2018-11-23 11:24:44,881  INFO DemoApplication:50 - Starting DemoApplication on Dell-PC with PID 15588 (D:\JavaProject\MyBatisGenerator\target\classes started by Administrator in D:\JavaProject\MyBatisGenerator)
2018-11-23 11:24:44,943  INFO DemoApplication:675 - No active profile set, falling back to default profiles: default
2018-11-23 11:24:51,329  INFO TomcatWebServer:90 - Tomcat initialized with port(s): 8080 (http)
2018-11-23 11:24:51,394  INFO Http11NioProtocol:173 - Initializing ProtocolHandler ["http-nio-8080"]
2018-11-23 11:24:51,425  INFO StandardService:173 - Starting service [Tomcat]
2018-11-23 11:24:51,427  INFO StandardEngine:173 - Starting Servlet Engine: Apache Tomcat/9.0.12
2018-11-23 11:24:51,465  INFO AprLifecycleListener:173 - The APR based Apache Tomcat Native library which allows optimal performance in production environments was not found on the java.library.path: [C:\Program Files\Java\jdk1.8.0_151\bin;C:\Windows\Sun\Java\bin;C:\Windows\system32;C:\Windows;C:\Ruby22\bin;C:\ProgramData\Oracle\Java\javapath;C:\Program Files\Microsoft MPI\Bin\;C:\Windows\system32;C:\Windows;C:\Windows\System32\Wbem;C:\Windows\System32\WindowsPowerShell\v1.0\;C:\Program Files (x86)\AMD\ATI.ACE\Core-Static;C:\Program Files\TortoiseSVN\bin;C:\Program Files\Microsoft SQL Server\130\Tools\Binn\;C:\Program Files (x86)\GtkSharp\2.12\bin;C:\Program Files\dotnet\;C:\Program Files\Java\jdk1.8.0_151\bin;C:\Program Files\Java\jdk1.8.0_151\jre\bin;C:\Program Files\Microsoft SQL Server\110\DTS\Binn\;C:\Program Files (x86)\Microsoft SQL Server\110\Tools\Binn\;C:\Program Files\Microsoft SQL Server\110\Tools\Binn\;C:\Program Files (x86)\Microsoft SQL Server\110\Tools\Binn\ManagementStudio\;C:\Program Files (x86)\Microsoft Visual Studio 10.0\Common7\IDE\PrivateAssemblies\;C:\Program Files (x86)\Microsoft SQL Server\110\DTS\Binn\;C:\Program Files\Git\cmd;C:\Go\bin;C:\Users\Administrator\go\bin;.]
2018-11-23 11:24:51,959  INFO [/]:173 - Initializing Spring embedded WebApplicationContext
2018-11-23 11:24:51,960  INFO ContextLoader:285 - Root WebApplicationContext: initialization completed in 6694 ms
2018-11-23 11:24:52,127  INFO ServletRegistrationBean:186 - Servlet dispatcherServlet mapped to [/]
2018-11-23 11:24:52,152  INFO FilterRegistrationBean:248 - Mapping filter: 'characterEncodingFilter' to: [/*]
2018-11-23 11:24:52,152  INFO FilterRegistrationBean:248 - Mapping filter: 'hiddenHttpMethodFilter' to: [/*]
2018-11-23 11:24:52,153  INFO FilterRegistrationBean:248 - Mapping filter: 'formContentFilter' to: [/*]
2018-11-23 11:24:52,154  INFO FilterRegistrationBean:248 - Mapping filter: 'requestContextFilter' to: [/*]
2018-11-23 11:24:55,392  INFO ThreadPoolTaskExecutor:171 - Initializing ExecutorService 'applicationTaskExecutor'
2018-11-23 11:24:56,620  INFO Http11NioProtocol:173 - Starting ProtocolHandler ["http-nio-8080"]
2018-11-23 11:24:56,825  INFO NioSelectorPool:173 - Using a shared selector for servlet write/read
2018-11-23 11:24:56,972  INFO TomcatWebServer:204 - Tomcat started on port(s): 8080 (http) with context path ''
2018-11-23 11:24:57,017  INFO DemoApplication:59 - Started DemoApplication in 15.874 seconds (JVM running for 21.984)
2018-11-23 12:10:19,842  INFO SpringBootTestContextBootstrapper:308 - Neither @ContextConfiguration nor @ContextHierarchy found for test class [com.example.demo.DemoApplicationTests], using SpringBootContextLoader
2018-11-23 12:10:19,864  INFO AbstractContextLoader:264 - Could not detect default resource locations for test class [com.example.demo.DemoApplicationTests]: no resource found for suffixes {-context.xml, Context.groovy}.
2018-11-23 12:10:19,866  INFO AnnotationConfigContextLoaderUtils:83 - Could not detect default configuration classes for test class [com.example.demo.DemoApplicationTests]: DemoApplicationTests does not declare any static, non-private, non-final, nested classes annotated with @Configuration.
2018-11-23 12:10:20,138  INFO SpringBootTestContextBootstrapper:247 - Found @SpringBootConfiguration com.example.demo.DemoApplication for test class com.example.demo.DemoApplicationTests
2018-11-23 12:10:20,343  INFO SpringBootTestContextBootstrapper:248 - Loaded default TestExecutionListener class names from location [META-INF/spring.factories]: [org.springframework.boot.test.mock.mockito.MockitoTestExecutionListener, org.springframework.boot.test.mock.mockito.ResetMocksTestExecutionListener, org.springframework.boot.test.autoconfigure.restdocs.RestDocsTestExecutionListener, org.springframework.boot.test.autoconfigure.web.client.MockRestServiceServerResetTestExecutionListener, org.springframework.boot.test.autoconfigure.web.servlet.MockMvcPrintOnlyOnFailureTestExecutionListener, org.springframework.boot.test.autoconfigure.web.servlet.WebDriverTestExecutionListener, org.springframework.test.context.web.ServletTestExecutionListener, org.springframework.test.context.support.DirtiesContextBeforeModesTestExecutionListener, org.springframework.test.context.support.DependencyInjectionTestExecutionListener, org.springframework.test.context.support.DirtiesContextTestExecutionListener, org.springframework.test.context.transaction.TransactionalTestExecutionListener, org.springframework.test.context.jdbc.SqlScriptsTestExecutionListener]
2018-11-23 12:10:20,397  INFO SpringBootTestContextBootstrapper:177 - Using TestExecutionListeners: [org.springframework.test.context.web.ServletTestExecutionListener@64c63c79, org.springframework.test.context.support.DirtiesContextBeforeModesTestExecutionListener@31c7528f, org.springframework.boot.test.mock.mockito.MockitoTestExecutionListener@2b76ff4e, org.springframework.boot.test.autoconfigure.SpringBootDependencyInjectionTestExecutionListener@7a1234bf, org.springframework.test.context.support.DirtiesContextTestExecutionListener@2f62ea70, org.springframework.test.context.transaction.TransactionalTestExecutionListener@24ba9639, org.springframework.test.context.jdbc.SqlScriptsTestExecutionListener@38aa816f, org.springframework.boot.test.mock.mockito.ResetMocksTestExecutionListener@53f6fd09, org.springframework.boot.test.autoconfigure.restdocs.RestDocsTestExecutionListener@6bffbc6d, org.springframework.boot.test.autoconfigure.web.client.MockRestServiceServerResetTestExecutionListener@1b84f475, org.springframework.boot.test.autoconfigure.web.servlet.MockMvcPrintOnlyOnFailureTestExecutionListener@7749bf93, org.springframework.boot.test.autoconfigure.web.servlet.WebDriverTestExecutionListener@13330ac6]
2018-11-23 12:10:21,338  INFO DemoApplicationTests:50 - Starting DemoApplicationTests on Dell-PC with PID 14672 (started by Administrator in D:\JavaProject\MyBatisGenerator)
2018-11-23 12:10:21,341  INFO DemoApplicationTests:675 - No active profile set, falling back to default profiles: default
2018-11-23 12:10:25,208  INFO ThreadPoolTaskExecutor:171 - Initializing ExecutorService 'applicationTaskExecutor'
2018-11-23 12:10:26,004  INFO DemoApplicationTests:59 - Started DemoApplicationTests in 5.462 seconds (JVM running for 8.805)
2018-11-23 12:10:27,092  INFO ThreadPoolTaskExecutor:208 - Shutting down ExecutorService 'applicationTaskExecutor'
